Arguments: 
  /usr/bin/node /snap/node/7581/bin/yarn.js global dir

PATH: 
  /home/joe/Documents/FreezeVariableMinimal/extension/node_modules/.bin:/home/joe/Documents/FreezeVariableMinimal/extension/node_modules/.bin:/home/joe/Documents/FreezeVariableMinimal/node_modules/.bin:/home/joe/Documents/node_modules/.bin:/home/joe/node_modules/.bin:/home/node_modules/.bin:/node_modules/.bin:/usr/lib/node_modules/npm/node_modules/@npmcli/run-script/lib/node-gyp-bin:/home/joe/.local/bin:/home/joe/anaconda3/bin:/home/joe/anaconda3/condabin:/home/joe/.cargo/bin:/home/joe/.local/bin:/usr/local/sbin:/usr/local/bin:/usr/sbin:/usr/bin:/sbin:/bin:/usr/games:/usr/local/games:/snap/bin:/snap/bin

Yarn version: 
  1.22.19

Node version: 
  16.20.2

Platform: 
  linux x64

Trace: 
  Error: package.json: EACCES: permission denied, write
      at writeSync (node:fs:920:3)
      at SyncWriteStream._write (node:internal/fs/sync_write_stream:26:3)
      at writeOrBuffer (node:internal/streams/writable:391:12)
      at _write (node:internal/streams/writable:332:10)
      at SyncWriteStream.Writable.write (node:internal/streams/writable:336:10)
      at ConsoleReporter.warn (/snap/node/7581/lib/cli.js:92855:17)
      at warn (/snap/node/7581/lib/cli.js:51326:23)
      at module.exports.exports.default (/snap/node/7581/lib/cli.js:37409:7)
      at /snap/node/7581/lib/cli.js:51337:51
      at Generator.next (<anonymous>)

npm manifest: 
  {
      "name": "your-extension-name",
      "displayName": "Your Extension Name",
      "description": "Description of your extension",
      "version": "1.0.0",
      "publisher": "your-publisher-name",
      "engines": {
          "vscode": "^1.0.0"
      },
      "categories": [
          "Other"
      ],
      "contributes": {
          "commands": [
              {
                  "command": "extension.openWebview",
                  "title": "Open Webview"
              }
          ]
      },
      "dependencies": {
          "generator-code": "^1.8.1",
          "yo": "^5.0.0"
      }
  }

yarn manifest: 
  No manifest

Lockfile: 
  No lockfile
